acct_wt_user_account_bond_day_income_balance
acct_wt_user_account_bond_month_income_balance
acct_wt_user_account_impression
acct_wt_user_account_income_balance
acct_wt_user_account_income_balance_dmp
acct_wt_user_account_income_balance_sum
acct_wt_user_account_trans_volume
acct_wt_user_accumulative_total_asset
acct_wt_user_activity
acct_wt_user_all_score
acct_wt_user_antirisk_ability
acct_wt_user_asset
acct_wt_user_avg_position
acct_wt_user_avg_position_rank
acct_wt_user_avg_stock_hold_days
acct_wt_user_banktransfer
acct_wt_user_block_income_percent
acct_wt_user_block_trade_percent
acct_wt_user_block_trade_value
acct_wt_user_business_num
acct_wt_user_businesspermission
acct_wt_user_client_info
acct_wt_user_client_level
acct_wt_user_close_fund_market_value
acct_wt_user_cumulative_balance_use_rate
acct_wt_user_cumulative_fare_rencent
acct_wt_user_cumulative_yield
acct_wt_user_daily_bond_total_market_value
acct_wt_user_daily_convertible_bond_market_value
acct_wt_user_daily_field_fund_market_value
acct_wt_user_day_bank_market_value
acct_wt_user_day_business_balance_in
acct_wt_user_day_position
acct_wt_user_day_uncome_balance
acct_wt_user_daycost
acct_wt_user_dayyield
acct_wt_user_drawdown
acct_wt_user_drawdown_rank
acct_wt_user_earning_ratio_avg
acct_wt_user_earning_ratio_percent
acct_wt_user_etf_market_value
acct_wt_user_float_share_preference
acct_wt_user_fund_day_income_balance
acct_wt_user_fund_day_market_value_dmp
acct_wt_user_fund_income_value
acct_wt_user_fund_market_value
acct_wt_user_fund_prod_total_market_value
acct_wt_user_good_at_stock
acct_wt_user_high_position
acct_wt_user_hold_cycle_list
acct_wt_user_hold_cycle_merge_list
acct_wt_user_hold_cycle_split_list
acct_wt_user_hold_stock_earning_ratio
acct_wt_user_hs300
acct_wt_user_income_detail
acct_wt_user_income_level
acct_wt_user_industry_preference
acct_wt_user_inside_fund_float_balance
acct_wt_user_interest_industry_block
acct_wt_user_investor_score
acct_wt_user_investor_score_ratio
acct_wt_user_loss_day
acct_wt_user_lowest_position
acct_wt_user_market_cumulative_data
acct_wt_user_market_daily_data
acct_wt_user_max_loss_stock
acct_wt_user_max_profit_stock
acct_wt_user_money_in_out
acct_wt_user_money_in_out_dmp
acct_wt_user_monthyield
acct_wt_user_net_inflow
acct_wt_user_other_market_value
acct_wt_user_prod_total_market_value
acct_wt_user_profit_day
acct_wt_user_recent_min_yield
acct_wt_user_recent_yield
acct_wt_user_revenue_voucher
acct_wt_user_sharperatio
acct_wt_user_sign_outside_fund_market_value
acct_wt_user_single_inside_day_fund_profit
acct_wt_user_single_inside_market_value
acct_wt_user_single_outside_day_fund_profit
acct_wt_user_single_stock_daily_income_balance
acct_wt_user_single_stock_dayprofit
acct_wt_user_single_stock_hold_days
acct_wt_user_single_stock_market_value
acct_wt_user_stable_income_score
acct_wt_user_stock_business_balance
acct_wt_user_stock_dayprofit
acct_wt_user_stock_hold_cycle
acct_wt_user_stock_hold_cycle_merge
acct_wt_user_stock_hold_cycle_num
acct_wt_user_stock_hold_cycle_winrate
acct_wt_user_stock_hold_line_type
acct_wt_user_stock_income_balance
acct_wt_user_stock_income_detail
acct_wt_user_stock_industry_block
acct_wt_user_stock_interval_income
acct_wt_user_stock_market_total_value
acct_wt_user_stock_market_value
acct_wt_user_stock_second_industry
acct_wt_user_stock_second_industry_dmp
acct_wt_user_stock_select_score
acct_wt_user_stock_win_rate
acct_wt_user_stock_year_income_balance
acct_wt_user_stockaccount_merge
acct_wt_user_sz_income_percent
acct_wt_user_sz_trade_percent
acct_wt_user_tb_inside_income_value
acct_wt_user_tb_inside_income_value_dmp
acct_wt_user_tb_outside_income_value
acct_wt_user_total_cumulative_fare_rencent
acct_wt_user_trade_rate
acct_wt_user_trans_ability_score
acct_wt_user_trans_boldness_score
acct_wt_user_trans_discipline_score
acct_wt_user_trans_income_score
acct_wt_user_trans_timing_score
acct_wt_user_treasury_bond
acct_wt_user_treasury_bonds_income
acct_wt_user_unused_fund_rate
acct_wt_user_weekyield
acct_wt_user_win_rate_over_ratio
acct_wt_user_yearyield